Using pre-set license

 COMMAND LINE ARGUMENTS:
/Applications/Unity/Hub/Editor/2020.3.0f1c1/Unity.app/Contents/MacOS/Unity
-adb2
-batchMode
-noUpm
-name
AssetImportWorker0
-projectPath
/Users/yaoruijun/UnityProject/GAMES202
-logFile
Logs/AssetImportWorker0.log
-srvPort
58094
Successfully changed project path to: /Users/yaoruijun/UnityProject/GAMES202
/Users/yaoruijun/UnityProject/GAMES202
Using Asset Import Pipeline V2.
Refreshing native plugins compatible for Editor in 24.27 ms, found 1 plugins.
Preloading 0 native plugins for Editor in 0.00 ms.
Initialize engine version: 2020.3.0f1c1 (1e553bf703d9)
[Subsystems] Discovering subsystems at path /Applications/Unity/Hub/Editor/2020.3.0f1c1/Unity.app/Contents/Resources/UnitySubsystems
[Subsystems] Discovering subsystems at path /Users/yaoruijun/UnityProject/GAMES202/Assets
GfxDevice: creating device client; threaded=0
2021-03-16 18:18:23.115 Unity[38240:496116] (null) preferred device: Apple M1 (high power)
2021-03-16 18:18:23.115 Unity[38240:496116] Metal devices available: 1
2021-03-16 18:18:23.115 Unity[38240:496116] 0: Apple M1 (high power)
2021-03-16 18:18:23.115 Unity[38240:496116] Using device Apple M1 (high power)
Initializing Metal device caps: Apple M1
Initialize mono
Mono path[0] = '/Applications/Unity/Hub/Editor/2020.3.0f1c1/Unity.app/Contents/Managed'
Mono path[1] = '/Applications/Unity/Hub/Editor/2020.3.0f1c1/Unity.app/Contents/MonoBleedingEdge/lib/mono/unityjit'
Mono config path = '/Applications/Unity/Hub/Editor/2020.3.0f1c1/Unity.app/Contents/MonoBleedingEdge/etc'
Using monoOptions --debugger-agent=transport=dt_socket,embedding=1,server=y,suspend=n,address=127.0.0.1:56240
Begin MonoManager ReloadAssembly
Registering precompiled unity dll's ...
Register platform support module: /Applications/Unity/Hub/Editor/2020.3.0f1c1/Unity.app/Contents/PlaybackEngines/MacStandaloneSupport/UnityEditor.OSXStandalone.Extensions.dll
Registered in 0.000366 seconds.
Native extension for OSXStandalone target not found
Refreshing native plugins compatible for Editor in 22.82 ms, found 1 plugins.
Preloading 0 native plugins for Editor in 0.00 ms.
Invoked RoslynAnalysisRunner static constructor.
RoslynAnalysisRunner will not be running.
RoslynAnalysisRunner has terminated.
Mono: successfully reloaded assembly
- Completed reload, in  2.257 seconds
Platform modules already initialized, skipping
Registering precompiled user dll's ...
Registered in 0.001012 seconds.
Begin MonoManager ReloadAssembly
Native extension for OSXStandalone target not found
Refreshing native plugins compatible for Editor in 0.23 ms, found 1 plugins.
Preloading 0 native plugins for Editor in 0.00 ms.
Invoked RoslynAnalysisRunner static constructor.
RoslynAnalysisRunner will not be running.
RoslynAnalysisRunner has terminated.
Mono: successfully reloaded assembly
- Completed reload, in  2.097 seconds
Platform modules already initialized, skipping
========================================================================
Worker process is ready to serve import requests
Launching external process: /Applications/Unity/Hub/Editor/2020.3.0f1c1/Unity.app/Contents/Tools/UnityShaderCompiler
Launched and connected shader compiler UnityShaderCompiler after 0.02 seconds
Refreshing native plugins compatible for Editor in 0.22 ms, found 1 plugins.
Preloading 0 native plugins for Editor in 0.00 ms.
Unloading 1368 Unused Serialized files (Serialized files now loaded: 0)
System memory in use before: 135.5 MB.
System memory in use after: 135.5 MB.

Unloading 16 unused Assets to reduce memory usage. Loaded Objects now: 1804.
Total: 1.733583 ms (FindLiveObjects: 0.108459 ms CreateObjectMapping: 0.029625 ms MarkObjects: 1.513083 ms  DeleteObjects: 0.081666 ms)

========================================================================
Received Import Request.
  path: Assets/GAMES202SRP
  artifactKey: Guid(9415dee6547904865b1a2a4bc39215de) Importer(815301076,1909f56bfc062723c751e8b465ee728b)
Start importing Assets/GAMES202SRP using Guid(9415dee6547904865b1a2a4bc39215de) Importer(815301076,1909f56bfc062723c751e8b465ee728b)  -> (artifact id: '7534c5b2528cd3afa154d97b864e75c3') in 0.006278 seconds
  Import took 0.008174 seconds .

========================================================================
Received Prepare
Registering precompiled user dll's ...
Registered in 0.001360 seconds.
Begin MonoManager ReloadAssembly
Native extension for OSXStandalone target not found
Refreshing native plugins compatible for Editor in 23.38 ms, found 1 plugins.
Preloading 0 native plugins for Editor in 0.00 ms.
Invoked RoslynAnalysisRunner static constructor.
RoslynAnalysisRunner will not be running.
RoslynAnalysisRunner has terminated.
Mono: successfully reloaded assembly
- Completed reload, in  2.065 seconds
Platform modules already initialized, skipping
Refreshing native plugins compatible for Editor in 0.17 ms, found 1 plugins.
Preloading 0 native plugins for Editor in 0.00 ms.
Unloading 1535 Unused Serialized files (Serialized files now loaded: 0)
System memory in use before: 144.3 MB.
System memory in use after: 144.2 MB.

Unloading 15 unused Assets to reduce memory usage. Loaded Objects now: 1975.
Total: 1.382584 ms (FindLiveObjects: 0.095417 ms CreateObjectMapping: 0.032459 ms MarkObjects: 1.165375 ms  DeleteObjects: 0.088750 ms)

========================================================================
Received Prepare
Registering precompiled user dll's ...
Registered in 0.003413 seconds.
Begin MonoManager ReloadAssembly
Native extension for OSXStandalone target not found
Refreshing native plugins compatible for Editor in 0.27 ms, found 1 plugins.
Preloading 0 native plugins for Editor in 0.00 ms.
Invoked RoslynAnalysisRunner static constructor.
RoslynAnalysisRunner will not be running.
RoslynAnalysisRunner has terminated.
Mono: successfully reloaded assembly
- Completed reload, in  2.199 seconds
Platform modules already initialized, skipping
Refreshing native plugins compatible for Editor in 0.19 ms, found 1 plugins.
Preloading 0 native plugins for Editor in 0.00 ms.
Unloading 1535 Unused Serialized files (Serialized files now loaded: 0)
System memory in use before: 144.9 MB.
System memory in use after: 144.8 MB.

Unloading 15 unused Assets to reduce memory usage. Loaded Objects now: 1978.
Total: 1.385084 ms (FindLiveObjects: 0.110625 ms CreateObjectMapping: 0.029292 ms MarkObjects: 1.146709 ms  DeleteObjects: 0.097834 ms)

