Using pre-set license

 COMMAND LINE ARGUMENTS:
/Applications/Unity/Hub/Editor/2020.3.0f1c1/Unity.app/Contents/MacOS/Unity
-adb2
-batchMode
-noUpm
-name
AssetImportWorker0
-projectPath
/Users/yaoruijun/UnityProject/GAMES202
-logFile
Logs/AssetImportWorker0.log
-srvPort
65387
Successfully changed project path to: /Users/yaoruijun/UnityProject/GAMES202
/Users/yaoruijun/UnityProject/GAMES202
Using Asset Import Pipeline V2.
Refreshing native plugins compatible for Editor in 40.23 ms, found 1 plugins.
Preloading 0 native plugins for Editor in 0.00 ms.
Initialize engine version: 2020.3.0f1c1 (1e553bf703d9)
[Subsystems] Discovering subsystems at path /Applications/Unity/Hub/Editor/2020.3.0f1c1/Unity.app/Contents/Resources/UnitySubsystems
[Subsystems] Discovering subsystems at path /Users/yaoruijun/UnityProject/GAMES202/Assets
GfxDevice: creating device client; threaded=0
2021-04-09 01:29:01.076 Unity[4048:355575] (null) preferred device: Apple M1 (high power)
2021-04-09 01:29:01.076 Unity[4048:355575] Metal devices available: 1
2021-04-09 01:29:01.076 Unity[4048:355575] 0: Apple M1 (high power)
2021-04-09 01:29:01.077 Unity[4048:355575] Using device Apple M1 (high power)
Initializing Metal device caps: Apple M1
Shader 'Universal Render Pipeline/Particles/Lit': fallback shader 'Universal Render Pipeline/Particles/SimpleLit' not found
Initialize mono
Mono path[0] = '/Applications/Unity/Hub/Editor/2020.3.0f1c1/Unity.app/Contents/Managed'
Mono path[1] = '/Applications/Unity/Hub/Editor/2020.3.0f1c1/Unity.app/Contents/MonoBleedingEdge/lib/mono/unityjit'
Mono config path = '/Applications/Unity/Hub/Editor/2020.3.0f1c1/Unity.app/Contents/MonoBleedingEdge/etc'
Using monoOptions --debugger-agent=transport=dt_socket,embedding=1,server=y,suspend=n,address=127.0.0.1:56048
Begin MonoManager ReloadAssembly
Registering precompiled unity dll's ...
Register platform support module: /Applications/Unity/Hub/Editor/2020.3.0f1c1/Unity.app/Contents/PlaybackEngines/MacStandaloneSupport/UnityEditor.OSXStandalone.Extensions.dll
Registered in 0.001200 seconds.
Native extension for OSXStandalone target not found
Refreshing native plugins compatible for Editor in 39.83 ms, found 1 plugins.
Preloading 0 native plugins for Editor in 0.00 ms.
Invoked RoslynAnalysisRunner static constructor.
RoslynAnalysisRunner will not be running.
RoslynAnalysisRunner has terminated.
Mono: successfully reloaded assembly
- Completed reload, in  2.312 seconds
Platform modules already initialized, skipping
Registering precompiled user dll's ...
Registered in 0.002721 seconds.
Begin MonoManager ReloadAssembly
Native extension for OSXStandalone target not found
Refreshing native plugins compatible for Editor in 39.39 ms, found 1 plugins.
Preloading 0 native plugins for Editor in 0.00 ms.
Invoked RoslynAnalysisRunner static constructor.
RoslynAnalysisRunner will not be running.
RoslynAnalysisRunner has terminated.
Mono: successfully reloaded assembly
- Completed reload, in  1.780 seconds
Platform modules already initialized, skipping
========================================================================
Worker process is ready to serve import requests
Shader 'Universal Render Pipeline/Particles/Lit': fallback shader 'Universal Render Pipeline/Particles/SimpleLit' not found
Launching external process: /Applications/Unity/Hub/Editor/2020.3.0f1c1/Unity.app/Contents/Tools/UnityShaderCompiler
Launched and connected shader compiler UnityShaderCompiler after 0.03 seconds
Refreshing native plugins compatible for Editor in 0.35 ms, found 1 plugins.
Preloading 0 native plugins for Editor in 0.00 ms.
Unloading 2382 Unused Serialized files (Serialized files now loaded: 0)
System memory in use before: 177.5 MB.
System memory in use after: 177.7 MB.

Unloading 11 unused Assets to reduce memory usage. Loaded Objects now: 2824.
Total: 2.413125 ms (FindLiveObjects: 0.211791 ms CreateObjectMapping: 0.050334 ms MarkObjects: 1.985291 ms  DeleteObjects: 0.162875 ms)

========================================================================
Received Import Request.
  path: Assets/GAMES202SRP/Shaders/Blinn-Phong.shader
  artifactKey: Guid(8107a7143d51040d89f54635f1ae59f8) Importer(815301076,1909f56bfc062723c751e8b465ee728b)
Start importing Assets/GAMES202SRP/Shaders/Blinn-Phong.shader using Guid(8107a7143d51040d89f54635f1ae59f8) Importer(815301076,1909f56bfc062723c751e8b465ee728b)  -> (artifact id: '8266870df9a9938551e2a47a5f3cc154') in 0.669130 seconds
  Import took 0.673926 seconds .

========================================================================
Received Prepare
Registering precompiled user dll's ...
Registered in 0.000569 seconds.
Begin MonoManager ReloadAssembly
Native extension for OSXStandalone target not found
Refreshing native plugins compatible for Editor in 0.40 ms, found 1 plugins.
Preloading 0 native plugins for Editor in 0.00 ms.
Invoked RoslynAnalysisRunner static constructor.
RoslynAnalysisRunner will not be running.
RoslynAnalysisRunner has terminated.
Mono: successfully reloaded assembly
- Completed reload, in  1.752 seconds
Platform modules already initialized, skipping
Shader 'Universal Render Pipeline/Particles/Lit': fallback shader 'Universal Render Pipeline/Particles/SimpleLit' not found
Refreshing native plugins compatible for Editor in 0.37 ms, found 1 plugins.
Preloading 0 native plugins for Editor in 0.00 ms.
Unloading 2318 Unused Serialized files (Serialized files now loaded: 0)
System memory in use before: 177.5 MB.
System memory in use after: 177.7 MB.

Unloading 6 unused Assets to reduce memory usage. Loaded Objects now: 2827.
Total: 1.477625 ms (FindLiveObjects: 0.173667 ms CreateObjectMapping: 0.049625 ms MarkObjects: 1.199667 ms  DeleteObjects: 0.053625 ms)

AssetImportWorkerClient::OnTransportError - code=2 error=End of file
